loaded 208,077 rows from SFT/data/ift_data_2026_05_01_v10.raw.json
out-of-scope TAA rows (IE/NEG, untouched): 6,000
in-scope actor-attribution rows: 8,400 across 109 distinct actors

top-20 actors by row count:
   1611  Leviathan
    766  APT29
    628  Lazarus Group
    424  APT41
    403  Kimsuky
    364  APT28
    327  Sandworm Team
    299  Mustang Panda
    277  Volt Typhoon
    260  FIN6
    255  OilRig
    213  Turla
    183  APT32
    174  Magic Hound
    161  Scattered Spider
    151  Wizard Spider
    113  FIN7
    109  Threat Group-3390
     97  UNC3886
     95  MuddyWater

actors at-or-below cap (20): 63
actors over cap: 46

dropped 7,116 over-cap rows; keeping 200,961 of 208,077 total
wrote 200,961 rows to SFT/data/ift_data_2026_05_01_v10.json
